<?xml version="1.0" encoding="UTF-8" standalone="no"?>
<testsuite errors="0" failures="1" name="io.cucumber.core.plugin.JUnitFormatter" skipped="0" tests="3" time="83.967">
<testcase classname="Testing HomePage Functionality" name="Add to cart" time="30.83">
<system-out><![CDATA[Given I open the application................................................passed
Then I click on Profile button..............................................passed
Then I click on "log in" buttonLink.........................................passed
Then I enter email address "dhirajshuklalk@gmail.com".......................passed
Then I enter password "Intel@1234"..........................................passed
And I click on "Log in" button..............................................passed
Then I hover on "Men" on header menu on homepage............................passed
Then I click on "T-Shirts" on homepage under header menu....................passed
Then I click on First Product on PLP page...................................passed
Then I switch to New Window.................................................passed
Then I click on WishlistNow on PDP..........................................passed
Then I switch back to Parent Window.........................................passed
]]></system-out>
</testcase>
<testcase classname="Testing HomePage Functionality" name="Add to cart 2" time="32.432">
<system-out><![CDATA[Given I open the application................................................passed
Then I click on Profile button..............................................passed
Then I click on "log in" buttonLink.........................................passed
Then I enter email address "dhirajshuklalk@gmail.com".......................passed
Then I enter password "Intel@1234"..........................................passed
And I click on "Log in" button..............................................passed
Then I hover on "Women" on header menu on homepage..........................passed
Then I click on "Ethnic Dresses" on homepage under header menu..............passed
Then I click on First Product on PLP page...................................passed
Then I switch to New Window.................................................passed
Then I click on WishlistNow on PDP..........................................passed
Then I switch back to Parent Window.........................................passed
]]></system-out>
</testcase>
<testcase classname="Testing HomePage Functionality" name="Add to cart 3" time="20.189">
<failure message="chrome not reachable&#10;  (Session info: chrome=81.0.4044.129)&#10;  (Driver info: chromedriver=2.41.578737 (49da6702b16031c40d63e5618de03a32ff6c197e),platform=Windows NT 6.1.7601 SP1 x86_64) (WARNING: The server did not provide any stacktrace information)&#10;Command duration or timeout: 0 milliseconds&#10;Build info: version: '3.141.59', revision: 'e82be7d358', time: '2018-11-14T08:17:03'&#10;System info: host: 'JJPL-212-PC', ip: '192.168.0.101', os.name: 'Windows 7', os.arch: 'amd64', os.version: '6.1', java.version: '1.8.0_221'&#10;Driver info: org.openqa.selenium.chrome.ChromeDriver&#10;Capabilities {acceptInsecureCerts: false, acceptSslCerts: false, applicationCacheEnabled: false, browserConnectionEnabled: false, browserName: chrome, chrome: {chromedriverVersion: 2.41.578737 (49da6702b16031..., userDataDir: C:\Users\JJPL-212\AppData\L...}, cssSelectorsEnabled: true, databaseEnabled: false, goog:chromeOptions: {debuggerAddress: localhost:57028}, handlesAlerts: true, hasTouchScreen: false, javascriptEnabled: true, locationContextEnabled: true, mobileEmulationEnabled: false, nativeEvents: true, networkConnectionEnabled: false, pageLoadStrategy: normal, platform: XP, platformName: XP, rotatable: false, setWindowRect: true, takesHeapSnapshot: true, takesScreenshot: true, unexpectedAlertBehaviour: , unhandledPromptBehavior: , version: 81.0.4044.129, webStorageEnabled: true}&#10;Session ID: f08135d272b33eeb826c71411baaa560&#10;*** Element info: {Using=xpath, value=//div[@class='desktop-userIconsContainer']}" type="org.openqa.selenium.WebDriverException"><![CDATA[Given I open the application................................................passed
Then I click on Profile button..............................................failed
Then I click on "log in" buttonLink.........................................skipped
Then I enter email address "dhirajshuklalk@gmail.com".......................skipped
Then I enter password "Intel@1234"..........................................skipped
And I click on "Log in" button..............................................skipped
Then I hover on "Home & Living" on header menu on homepage..................skipped
Then I click on "Beach Towels" on homepage under header menu................skipped
Then I click on First Product on PLP page...................................skipped
Then I switch to New Window.................................................skipped
Then I click on WishlistNow on PDP..........................................skipped
Then I switch back to Parent Window.........................................skipped

StackTrace:
org.openqa.selenium.WebDriverException: chrome not reachable
  (Session info: chrome=81.0.4044.129)
  (Driver info: chromedriver=2.41.578737 (49da6702b16031c40d63e5618de03a32ff6c197e),platform=Windows NT 6.1.7601 SP1 x86_64) (WARNING: The server did not provide any stacktrace information)
Command duration or timeout: 0 milliseconds
Build info: version: '3.141.59', revision: 'e82be7d358', time: '2018-11-14T08:17:03'
System info: host: 'JJPL-212-PC', ip: '192.168.0.101', os.name: 'Windows 7', os.arch: 'amd64', os.version: '6.1', java.version: '1.8.0_221'
Driver info: org.openqa.selenium.chrome.ChromeDriver
Capabilities {acceptInsecureCerts: false, acceptSslCerts: false, applicationCacheEnabled: false, browserConnectionEnabled: false, browserName: chrome, chrome: {chromedriverVersion: 2.41.578737 (49da6702b16031..., userDataDir: C:\Users\JJPL-212\AppData\L...}, cssSelectorsEnabled: true, databaseEnabled: false, goog:chromeOptions: {debuggerAddress: localhost:57028}, handlesAlerts: true, hasTouchScreen: false, javascriptEnabled: true, locationContextEnabled: true, mobileEmulationEnabled: false, nativeEvents: true, networkConnectionEnabled: false, pageLoadStrategy: normal, platform: XP, platformName: XP, rotatable: false, setWindowRect: true, takesHeapSnapshot: true, takesScreenshot: true, unexpectedAlertBehaviour: , unhandledPromptBehavior: , version: 81.0.4044.129, webStorageEnabled: true}
Session ID: f08135d272b33eeb826c71411baaa560
*** Element info: {Using=xpath, value=//div[@class='desktop-userIconsContainer']}
	at sun.reflect.NativeConstructorAccessorImpl.newInstance0(Native Method)
	at sun.reflect.NativeConstructorAccessorImpl.newInstance(Unknown Source)
	at sun.reflect.DelegatingConstructorAccessorImpl.newInstance(Unknown Source)
	at java.lang.reflect.Constructor.newInstance(Unknown Source)
	at org.openqa.selenium.remote.ErrorHandler.createThrowable(ErrorHandler.java:214)
	at org.openqa.selenium.remote.ErrorHandler.throwIfResponseFailed(ErrorHandler.java:166)
	at org.openqa.selenium.remote.http.JsonHttpResponseCodec.reconstructValue(JsonHttpResponseCodec.java:40)
	at org.openqa.selenium.remote.http.AbstractHttpResponseCodec.decode(AbstractHttpResponseCodec.java:80)
	at org.openqa.selenium.remote.http.AbstractHttpResponseCodec.decode(AbstractHttpResponseCodec.java:44)
	at org.openqa.selenium.remote.HttpCommandExecutor.execute(HttpCommandExecutor.java:158)
	at org.openqa.selenium.remote.service.DriverCommandExecutor.execute(DriverCommandExecutor.java:83)
	at org.openqa.selenium.remote.RemoteWebDriver.execute(RemoteWebDriver.java:552)
	at org.openqa.selenium.remote.RemoteWebDriver.findElement(RemoteWebDriver.java:323)
	at org.openqa.selenium.remote.RemoteWebDriver.findElementByXPath(RemoteWebDriver.java:428)
	at org.openqa.selenium.By$ByXPath.findElement(By.java:353)
	at org.openqa.selenium.remote.RemoteWebDriver.findElement(RemoteWebDriver.java:315)
	at org.openqa.selenium.support.ui.ExpectedConditions$7.apply(ExpectedConditions.java:205)
	at org.openqa.selenium.support.ui.ExpectedConditions$7.apply(ExpectedConditions.java:201)
	at org.openqa.selenium.support.ui.FluentWait.until(FluentWait.java:249)
	at Actions.BaseClass.clickElementByLocator(BaseClass.java:29)
	at Actions.LoginAndRegisterPage.clickProfile(LoginAndRegisterPage.java:25)
	at StepDefinition.LoginAndRegisterPageStepDefinition.clickProfilebtn(LoginAndRegisterPageStepDefinition.java:26)
	at ✽.I click on Profile button(file:///C:/Users/JJPL-212/eclipse-workspace/New/Cucumber-Tests/src/test/Features/HomePageFunctionality.feature:40)
]]></failure>
</testcase>
</testsuite>
