<?xml version="1.0" encoding="UTF-8" standalone="no"?>
<testsuite errors="0" failures="0" name="io.cucumber.core.plugin.JUnitFormatter" skipped="0" tests="1" time="23.441">
<testcase classname="Cucumber Automation" name="Sign Up" time="23.135">
<system-out><![CDATA[Given I open the application................................................passed
Then I click on Profile button..............................................passed
Then I click on Signup button...............................................passed
Then I enter email address dhirajshuklalk@gmail.com.........................passed
Then I enter in choose password ab@123456...................................passed
Then I enter mobile no 9004962149...........................................passed
Then I select the gender....................................................passed
And I click on submit button................................................passed
]]></system-out>
</testcase>
</testsuite>
