<?xml version="1.0" encoding="UTF-8" standalone="no"?>
<testsuite errors="0" failures="1" name="io.cucumber.core.plugin.JUnitFormatter" skipped="0" tests="1" time="44.471">
<testcase classname="Testing HomePage Functionality" name="Verify Header Menu" time="44.096">
<failure message="" type="java.lang.AssertionError"><![CDATA[Given I open the application................................................passed
Then I click on Profile button..............................................passed
Then I click on "log in" buttonLink.........................................passed
Then I enter email address "dhirajshuklalk@gmail.com".......................passed
Then I enter password "Intel@1234"..........................................passed
And I click on "Log in" button..............................................passed
And Verify header menu "Men" on homepage....................................passed
And Verify header menu "Women" on homepage..................................passed
And Verify header menu "Kid" on homepage....................................failed
And Verify header menu "Home & Living" on homepage..........................skipped
And Verify header menu "Discover" on homepage...............................skipped

StackTrace:
java.lang.AssertionError
	at org.junit.Assert.fail(Assert.java:87)
	at org.junit.Assert.assertTrue(Assert.java:42)
	at org.junit.Assert.assertTrue(Assert.java:53)
	at Actions.HomePage.verifyHeaderMenu(HomePage.java:16)
	at StepDefinition.HomePageStepD.iVerifyHeaderMenu(HomePageStepD.java:14)
	at ✽.Verify header menu "Kid" on homepage(file:///C:/Users/JJPL-212/eclipse-workspace/New/Cucumber-Tests/src/test/Features/HomePageFunctionality.feature:13)
]]></failure>
</testcase>
</testsuite>
